2024-02-10T22:08:10.606Z thumbsup:warn magick (https://imagemagick.org) is not installed. You will not be able to process HEIC images.
2024-02-10T22:08:10.607Z thumbsup:warn ffmpeg (https://www.ffmpeg.org) is not installed. You will not be able to process videos.
2024-02-10T22:08:10.607Z thumbsup:warn gifsicle (http://www.lcdf.org/gifsicle) is not installed. You will not be able to process animated GIFs.
2024-02-10T22:08:10.607Z thumbsup:warn zip (https://linux.die.net/man/1/zip) is not installed. You will not be able to create ZIP files.
2024-02-10T22:11:35.999Z thumbsup:warn magick (https://imagemagick.org) is not installed. You will not be able to process HEIC images.
2024-02-10T22:11:35.999Z thumbsup:warn ffmpeg (https://www.ffmpeg.org) is not installed. You will not be able to process videos.
2024-02-10T22:11:35.999Z thumbsup:warn gifsicle (http://www.lcdf.org/gifsicle) is not installed. You will not be able to process animated GIFs.
2024-02-10T22:11:35.999Z thumbsup:warn zip (https://linux.die.net/man/1/zip) is not installed. You will not be able to create ZIP files.
2024-02-10T22:13:53.270Z thumbsup:warn magick (https://imagemagick.org) is not installed. You will not be able to process HEIC images.
2024-02-10T22:13:53.271Z thumbsup:warn ffmpeg (https://www.ffmpeg.org) is not installed. You will not be able to process videos.
2024-02-10T22:13:53.271Z thumbsup:warn gifsicle (http://www.lcdf.org/gifsicle) is not installed. You will not be able to process animated GIFs.
2024-02-10T22:13:53.271Z thumbsup:warn zip (https://linux.die.net/man/1/zip) is not installed. You will not be able to create ZIP files.
2024-02-10T23:06:49.740Z thumbsup:warn magick (https://imagemagick.org) is not installed. You will not be able to process HEIC images.
2024-02-10T23:06:49.741Z thumbsup:warn ffmpeg (https://www.ffmpeg.org) is not installed. You will not be able to process videos.
2024-02-10T23:06:49.741Z thumbsup:warn gifsicle (http://www.lcdf.org/gifsicle) is not installed. You will not be able to process animated GIFs.
2024-02-10T23:06:49.741Z thumbsup:warn zip (https://linux.die.net/man/1/zip) is not installed. You will not be able to create ZIP files.
2024-02-10T23:06:49.849Z thumbsup:error Error: Parse error on line 14:
2024-02-10T23:06:49.849Z thumbsup:error ...each}}{{#endwith}}
2024-02-10T23:06:49.849Z thumbsup:error ---------------------^
2024-02-10T23:06:49.849Z thumbsup:error Expecting 'COMMENT', 'CONTENT', 'OPEN_RAW_BLOCK', 'OPEN_BLOCK', 'OPEN_INVERSE', 'OPEN_INVERSE_CHAIN', 'INVERSE', 'OPEN_ENDBLOCK', 'OPEN', 'OPEN_UNESCAPED', 'OPEN_PARTIAL', 'OPEN_PARTIAL_BLOCK', got 'EOF'
2024-02-10T23:06:49.849Z thumbsup:error     at Parser.parseError (C:\Users\Jahuf\AppData\Roaming\npm\node_modules\thumbsup\node_modules\handlebars\dist\cjs\handlebars\compiler\parser.js:267:19)
2024-02-10T23:06:49.849Z thumbsup:error     at Parser.parse (C:\Users\Jahuf\AppData\Roaming\npm\node_modules\thumbsup\node_modules\handlebars\dist\cjs\handlebars\compiler\parser.js:336:30)
2024-02-10T23:06:49.849Z thumbsup:error     at parseWithoutProcessing (C:\Users\Jahuf\AppData\Roaming\npm\node_modules\thumbsup\node_modules\handlebars\dist\cjs\handlebars\compiler\base.js:46:33)
2024-02-10T23:06:49.849Z thumbsup:error     at HandlebarsEnvironment.parse (C:\Users\Jahuf\AppData\Roaming\npm\node_modules\thumbsup\node_modules\handlebars\dist\cjs\handlebars\compiler\base.js:52:13)
2024-02-10T23:06:49.849Z thumbsup:error     at compileInput (C:\Users\Jahuf\AppData\Roaming\npm\node_modules\thumbsup\node_modules\handlebars\dist\cjs\handlebars\compiler\compiler.js:508:19)
2024-02-10T23:06:49.849Z thumbsup:error     at Theme.ret [as template] (C:\Users\Jahuf\AppData\Roaming\npm\node_modules\thumbsup\node_modules\handlebars\dist\cjs\handlebars\compiler\compiler.js:517:18)
2024-02-10T23:06:49.849Z thumbsup:error     at Theme.render (C:\Users\Jahuf\AppData\Roaming\npm\node_modules\thumbsup\src\website\theme.js:64:27)
2024-02-10T23:06:49.849Z thumbsup:error     at C:\Users\Jahuf\AppData\Roaming\npm\node_modules\thumbsup\src\website\website.js:30:26
2024-02-10T23:06:49.849Z thumbsup:error     at C:\Users\Jahuf\AppData\Roaming\npm\node_modules\thumbsup\node_modules\async\dist\async.js:3676:28
2024-02-10T23:06:49.849Z thumbsup:error     at replenish (C:\Users\Jahuf\AppData\Roaming\npm\node_modules\thumbsup\node_modules\async\dist\async.js:448:21)
2024-02-10T23:09:26.231Z thumbsup:warn magick (https://imagemagick.org) is not installed. You will not be able to process HEIC images.
2024-02-10T23:09:26.232Z thumbsup:warn ffmpeg (https://www.ffmpeg.org) is not installed. You will not be able to process videos.
2024-02-10T23:09:26.232Z thumbsup:warn gifsicle (http://www.lcdf.org/gifsicle) is not installed. You will not be able to process animated GIFs.
2024-02-10T23:09:26.232Z thumbsup:warn zip (https://linux.die.net/man/1/zip) is not installed. You will not be able to create ZIP files.
2024-02-10T23:09:26.341Z thumbsup:error Error: Parse error on line 14:
2024-02-10T23:09:26.341Z thumbsup:error ...each}}{{#endwith}}
2024-02-10T23:09:26.341Z thumbsup:error ---------------------^
2024-02-10T23:09:26.341Z thumbsup:error Expecting 'COMMENT', 'CONTENT', 'OPEN_RAW_BLOCK', 'OPEN_BLOCK', 'OPEN_INVERSE', 'OPEN_INVERSE_CHAIN', 'INVERSE', 'OPEN_ENDBLOCK', 'OPEN', 'OPEN_UNESCAPED', 'OPEN_PARTIAL', 'OPEN_PARTIAL_BLOCK', got 'EOF'
2024-02-10T23:09:26.341Z thumbsup:error     at Parser.parseError (C:\Users\Jahuf\AppData\Roaming\npm\node_modules\thumbsup\node_modules\handlebars\dist\cjs\handlebars\compiler\parser.js:267:19)
2024-02-10T23:09:26.341Z thumbsup:error     at Parser.parse (C:\Users\Jahuf\AppData\Roaming\npm\node_modules\thumbsup\node_modules\handlebars\dist\cjs\handlebars\compiler\parser.js:336:30)
2024-02-10T23:09:26.341Z thumbsup:error     at parseWithoutProcessing (C:\Users\Jahuf\AppData\Roaming\npm\node_modules\thumbsup\node_modules\handlebars\dist\cjs\handlebars\compiler\base.js:46:33)
2024-02-10T23:09:26.341Z thumbsup:error     at HandlebarsEnvironment.parse (C:\Users\Jahuf\AppData\Roaming\npm\node_modules\thumbsup\node_modules\handlebars\dist\cjs\handlebars\compiler\base.js:52:13)
2024-02-10T23:09:26.341Z thumbsup:error     at compileInput (C:\Users\Jahuf\AppData\Roaming\npm\node_modules\thumbsup\node_modules\handlebars\dist\cjs\handlebars\compiler\compiler.js:508:19)
2024-02-10T23:09:26.341Z thumbsup:error     at Theme.ret [as template] (C:\Users\Jahuf\AppData\Roaming\npm\node_modules\thumbsup\node_modules\handlebars\dist\cjs\handlebars\compiler\compiler.js:517:18)
2024-02-10T23:09:26.341Z thumbsup:error     at Theme.render (C:\Users\Jahuf\AppData\Roaming\npm\node_modules\thumbsup\src\website\theme.js:64:27)
2024-02-10T23:09:26.341Z thumbsup:error     at C:\Users\Jahuf\AppData\Roaming\npm\node_modules\thumbsup\src\website\website.js:30:26
2024-02-10T23:09:26.341Z thumbsup:error     at C:\Users\Jahuf\AppData\Roaming\npm\node_modules\thumbsup\node_modules\async\dist\async.js:3676:28
2024-02-10T23:09:26.341Z thumbsup:error     at replenish (C:\Users\Jahuf\AppData\Roaming\npm\node_modules\thumbsup\node_modules\async\dist\async.js:448:21)
2024-02-10T23:09:49.032Z thumbsup:warn magick (https://imagemagick.org) is not installed. You will not be able to process HEIC images.
2024-02-10T23:09:49.032Z thumbsup:warn ffmpeg (https://www.ffmpeg.org) is not installed. You will not be able to process videos.
2024-02-10T23:09:49.032Z thumbsup:warn gifsicle (http://www.lcdf.org/gifsicle) is not installed. You will not be able to process animated GIFs.
2024-02-10T23:09:49.032Z thumbsup:warn zip (https://linux.die.net/man/1/zip) is not installed. You will not be able to create ZIP files.
2024-02-10T23:09:49.140Z thumbsup:error Error: Parse error on line 14:
2024-02-10T23:09:49.140Z thumbsup:error ...each}}{{#endwith}}
2024-02-10T23:09:49.140Z thumbsup:error ---------------------^
2024-02-10T23:09:49.140Z thumbsup:error Expecting 'COMMENT', 'CONTENT', 'OPEN_RAW_BLOCK', 'OPEN_BLOCK', 'OPEN_INVERSE', 'OPEN_INVERSE_CHAIN', 'INVERSE', 'OPEN_ENDBLOCK', 'OPEN', 'OPEN_UNESCAPED', 'OPEN_PARTIAL', 'OPEN_PARTIAL_BLOCK', got 'EOF'
2024-02-10T23:09:49.140Z thumbsup:error     at Parser.parseError (C:\Users\Jahuf\AppData\Roaming\npm\node_modules\thumbsup\node_modules\handlebars\dist\cjs\handlebars\compiler\parser.js:267:19)
2024-02-10T23:09:49.140Z thumbsup:error     at Parser.parse (C:\Users\Jahuf\AppData\Roaming\npm\node_modules\thumbsup\node_modules\handlebars\dist\cjs\handlebars\compiler\parser.js:336:30)
2024-02-10T23:09:49.140Z thumbsup:error     at parseWithoutProcessing (C:\Users\Jahuf\AppData\Roaming\npm\node_modules\thumbsup\node_modules\handlebars\dist\cjs\handlebars\compiler\base.js:46:33)
2024-02-10T23:09:49.140Z thumbsup:error     at HandlebarsEnvironment.parse (C:\Users\Jahuf\AppData\Roaming\npm\node_modules\thumbsup\node_modules\handlebars\dist\cjs\handlebars\compiler\base.js:52:13)
2024-02-10T23:09:49.140Z thumbsup:error     at compileInput (C:\Users\Jahuf\AppData\Roaming\npm\node_modules\thumbsup\node_modules\handlebars\dist\cjs\handlebars\compiler\compiler.js:508:19)
2024-02-10T23:09:49.140Z thumbsup:error     at Theme.ret [as template] (C:\Users\Jahuf\AppData\Roaming\npm\node_modules\thumbsup\node_modules\handlebars\dist\cjs\handlebars\compiler\compiler.js:517:18)
2024-02-10T23:09:49.140Z thumbsup:error     at Theme.render (C:\Users\Jahuf\AppData\Roaming\npm\node_modules\thumbsup\src\website\theme.js:64:27)
2024-02-10T23:09:49.140Z thumbsup:error     at C:\Users\Jahuf\AppData\Roaming\npm\node_modules\thumbsup\src\website\website.js:30:26
2024-02-10T23:09:49.140Z thumbsup:error     at C:\Users\Jahuf\AppData\Roaming\npm\node_modules\thumbsup\node_modules\async\dist\async.js:3676:28
2024-02-10T23:09:49.140Z thumbsup:error     at replenish (C:\Users\Jahuf\AppData\Roaming\npm\node_modules\thumbsup\node_modules\async\dist\async.js:448:21)
2024-02-10T23:09:55.918Z thumbsup:warn magick (https://imagemagick.org) is not installed. You will not be able to process HEIC images.
2024-02-10T23:09:55.918Z thumbsup:warn ffmpeg (https://www.ffmpeg.org) is not installed. You will not be able to process videos.
2024-02-10T23:09:55.918Z thumbsup:warn gifsicle (http://www.lcdf.org/gifsicle) is not installed. You will not be able to process animated GIFs.
2024-02-10T23:09:55.918Z thumbsup:warn zip (https://linux.die.net/man/1/zip) is not installed. You will not be able to create ZIP files.
2024-02-10T23:09:56.026Z thumbsup:error Error: Parse error on line 14:
2024-02-10T23:09:56.026Z thumbsup:error ...each}}{{#endwith}}
2024-02-10T23:09:56.026Z thumbsup:error ---------------------^
2024-02-10T23:09:56.026Z thumbsup:error Expecting 'COMMENT', 'CONTENT', 'OPEN_RAW_BLOCK', 'OPEN_BLOCK', 'OPEN_INVERSE', 'OPEN_INVERSE_CHAIN', 'INVERSE', 'OPEN_ENDBLOCK', 'OPEN', 'OPEN_UNESCAPED', 'OPEN_PARTIAL', 'OPEN_PARTIAL_BLOCK', got 'EOF'
2024-02-10T23:09:56.026Z thumbsup:error     at Parser.parseError (C:\Users\Jahuf\AppData\Roaming\npm\node_modules\thumbsup\node_modules\handlebars\dist\cjs\handlebars\compiler\parser.js:267:19)
2024-02-10T23:09:56.026Z thumbsup:error     at Parser.parse (C:\Users\Jahuf\AppData\Roaming\npm\node_modules\thumbsup\node_modules\handlebars\dist\cjs\handlebars\compiler\parser.js:336:30)
2024-02-10T23:09:56.026Z thumbsup:error     at parseWithoutProcessing (C:\Users\Jahuf\AppData\Roaming\npm\node_modules\thumbsup\node_modules\handlebars\dist\cjs\handlebars\compiler\base.js:46:33)
2024-02-10T23:09:56.026Z thumbsup:error     at HandlebarsEnvironment.parse (C:\Users\Jahuf\AppData\Roaming\npm\node_modules\thumbsup\node_modules\handlebars\dist\cjs\handlebars\compiler\base.js:52:13)
2024-02-10T23:09:56.026Z thumbsup:error     at compileInput (C:\Users\Jahuf\AppData\Roaming\npm\node_modules\thumbsup\node_modules\handlebars\dist\cjs\handlebars\compiler\compiler.js:508:19)
2024-02-10T23:09:56.026Z thumbsup:error     at Theme.ret [as template] (C:\Users\Jahuf\AppData\Roaming\npm\node_modules\thumbsup\node_modules\handlebars\dist\cjs\handlebars\compiler\compiler.js:517:18)
2024-02-10T23:09:56.026Z thumbsup:error     at Theme.render (C:\Users\Jahuf\AppData\Roaming\npm\node_modules\thumbsup\src\website\theme.js:64:27)
2024-02-10T23:09:56.026Z thumbsup:error     at C:\Users\Jahuf\AppData\Roaming\npm\node_modules\thumbsup\src\website\website.js:30:26
2024-02-10T23:09:56.026Z thumbsup:error     at C:\Users\Jahuf\AppData\Roaming\npm\node_modules\thumbsup\node_modules\async\dist\async.js:3676:28
2024-02-10T23:09:56.026Z thumbsup:error     at replenish (C:\Users\Jahuf\AppData\Roaming\npm\node_modules\thumbsup\node_modules\async\dist\async.js:448:21)
2024-02-10T23:11:18.795Z thumbsup:warn magick (https://imagemagick.org) is not installed. You will not be able to process HEIC images.
2024-02-10T23:11:18.796Z thumbsup:warn ffmpeg (https://www.ffmpeg.org) is not installed. You will not be able to process videos.
2024-02-10T23:11:18.796Z thumbsup:warn gifsicle (http://www.lcdf.org/gifsicle) is not installed. You will not be able to process animated GIFs.
2024-02-10T23:11:18.796Z thumbsup:warn zip (https://linux.die.net/man/1/zip) is not installed. You will not be able to create ZIP files.
2024-02-10T23:11:18.904Z thumbsup:error Error: Parse error on line 14:
2024-02-10T23:11:18.904Z thumbsup:error ...each}}{{#endwith}}
2024-02-10T23:11:18.904Z thumbsup:error ---------------------^
2024-02-10T23:11:18.904Z thumbsup:error Expecting 'COMMENT', 'CONTENT', 'OPEN_RAW_BLOCK', 'OPEN_BLOCK', 'OPEN_INVERSE', 'OPEN_INVERSE_CHAIN', 'INVERSE', 'OPEN_ENDBLOCK', 'OPEN', 'OPEN_UNESCAPED', 'OPEN_PARTIAL', 'OPEN_PARTIAL_BLOCK', got 'EOF'
2024-02-10T23:11:18.904Z thumbsup:error     at Parser.parseError (C:\Users\Jahuf\AppData\Roaming\npm\node_modules\thumbsup\node_modules\handlebars\dist\cjs\handlebars\compiler\parser.js:267:19)
2024-02-10T23:11:18.904Z thumbsup:error     at Parser.parse (C:\Users\Jahuf\AppData\Roaming\npm\node_modules\thumbsup\node_modules\handlebars\dist\cjs\handlebars\compiler\parser.js:336:30)
2024-02-10T23:11:18.904Z thumbsup:error     at parseWithoutProcessing (C:\Users\Jahuf\AppData\Roaming\npm\node_modules\thumbsup\node_modules\handlebars\dist\cjs\handlebars\compiler\base.js:46:33)
2024-02-10T23:11:18.904Z thumbsup:error     at HandlebarsEnvironment.parse (C:\Users\Jahuf\AppData\Roaming\npm\node_modules\thumbsup\node_modules\handlebars\dist\cjs\handlebars\compiler\base.js:52:13)
2024-02-10T23:11:18.904Z thumbsup:error     at compileInput (C:\Users\Jahuf\AppData\Roaming\npm\node_modules\thumbsup\node_modules\handlebars\dist\cjs\handlebars\compiler\compiler.js:508:19)
2024-02-10T23:11:18.904Z thumbsup:error     at Theme.ret [as template] (C:\Users\Jahuf\AppData\Roaming\npm\node_modules\thumbsup\node_modules\handlebars\dist\cjs\handlebars\compiler\compiler.js:517:18)
2024-02-10T23:11:18.904Z thumbsup:error     at Theme.render (C:\Users\Jahuf\AppData\Roaming\npm\node_modules\thumbsup\src\website\theme.js:64:27)
2024-02-10T23:11:18.904Z thumbsup:error     at C:\Users\Jahuf\AppData\Roaming\npm\node_modules\thumbsup\src\website\website.js:30:26
2024-02-10T23:11:18.904Z thumbsup:error     at C:\Users\Jahuf\AppData\Roaming\npm\node_modules\thumbsup\node_modules\async\dist\async.js:3676:28
2024-02-10T23:11:18.904Z thumbsup:error     at replenish (C:\Users\Jahuf\AppData\Roaming\npm\node_modules\thumbsup\node_modules\async\dist\async.js:448:21)
2024-02-10T23:11:39.887Z thumbsup:warn magick (https://imagemagick.org) is not installed. You will not be able to process HEIC images.
2024-02-10T23:11:39.888Z thumbsup:warn ffmpeg (https://www.ffmpeg.org) is not installed. You will not be able to process videos.
2024-02-10T23:11:39.888Z thumbsup:warn gifsicle (http://www.lcdf.org/gifsicle) is not installed. You will not be able to process animated GIFs.
2024-02-10T23:11:39.888Z thumbsup:warn zip (https://linux.die.net/man/1/zip) is not installed. You will not be able to create ZIP files.
2024-02-10T23:11:39.999Z thumbsup:error Error: Parse error on line 14:
2024-02-10T23:11:39.999Z thumbsup:error ...each}}{{#endwith}}
2024-02-10T23:11:39.999Z thumbsup:error ---------------------^
2024-02-10T23:11:39.999Z thumbsup:error Expecting 'COMMENT', 'CONTENT', 'OPEN_RAW_BLOCK', 'OPEN_BLOCK', 'OPEN_INVERSE', 'OPEN_INVERSE_CHAIN', 'INVERSE', 'OPEN_ENDBLOCK', 'OPEN', 'OPEN_UNESCAPED', 'OPEN_PARTIAL', 'OPEN_PARTIAL_BLOCK', got 'EOF'
2024-02-10T23:11:39.999Z thumbsup:error     at Parser.parseError (C:\Users\Jahuf\AppData\Roaming\npm\node_modules\thumbsup\node_modules\handlebars\dist\cjs\handlebars\compiler\parser.js:267:19)
2024-02-10T23:11:39.999Z thumbsup:error     at Parser.parse (C:\Users\Jahuf\AppData\Roaming\npm\node_modules\thumbsup\node_modules\handlebars\dist\cjs\handlebars\compiler\parser.js:336:30)
2024-02-10T23:11:39.999Z thumbsup:error     at parseWithoutProcessing (C:\Users\Jahuf\AppData\Roaming\npm\node_modules\thumbsup\node_modules\handlebars\dist\cjs\handlebars\compiler\base.js:46:33)
2024-02-10T23:11:39.999Z thumbsup:error     at HandlebarsEnvironment.parse (C:\Users\Jahuf\AppData\Roaming\npm\node_modules\thumbsup\node_modules\handlebars\dist\cjs\handlebars\compiler\base.js:52:13)
2024-02-10T23:11:39.999Z thumbsup:error     at compileInput (C:\Users\Jahuf\AppData\Roaming\npm\node_modules\thumbsup\node_modules\handlebars\dist\cjs\handlebars\compiler\compiler.js:508:19)
2024-02-10T23:11:39.999Z thumbsup:error     at Theme.ret [as template] (C:\Users\Jahuf\AppData\Roaming\npm\node_modules\thumbsup\node_modules\handlebars\dist\cjs\handlebars\compiler\compiler.js:517:18)
2024-02-10T23:11:39.999Z thumbsup:error     at Theme.render (C:\Users\Jahuf\AppData\Roaming\npm\node_modules\thumbsup\src\website\theme.js:64:27)
2024-02-10T23:11:39.999Z thumbsup:error     at C:\Users\Jahuf\AppData\Roaming\npm\node_modules\thumbsup\src\website\website.js:30:26
2024-02-10T23:11:39.999Z thumbsup:error     at C:\Users\Jahuf\AppData\Roaming\npm\node_modules\thumbsup\node_modules\async\dist\async.js:3676:28
2024-02-10T23:11:39.999Z thumbsup:error     at replenish (C:\Users\Jahuf\AppData\Roaming\npm\node_modules\thumbsup\node_modules\async\dist\async.js:448:21)
2024-02-10T23:11:58.824Z thumbsup:warn magick (https://imagemagick.org) is not installed. You will not be able to process HEIC images.
2024-02-10T23:11:58.825Z thumbsup:warn ffmpeg (https://www.ffmpeg.org) is not installed. You will not be able to process videos.
2024-02-10T23:11:58.825Z thumbsup:warn gifsicle (http://www.lcdf.org/gifsicle) is not installed. You will not be able to process animated GIFs.
2024-02-10T23:11:58.825Z thumbsup:warn zip (https://linux.die.net/man/1/zip) is not installed. You will not be able to create ZIP files.
2024-02-10T23:11:58.935Z thumbsup:error Error: Parse error on line 14:
2024-02-10T23:11:58.935Z thumbsup:error ...each}}{{#endwith}}
2024-02-10T23:11:58.935Z thumbsup:error ---------------------^
2024-02-10T23:11:58.935Z thumbsup:error Expecting 'COMMENT', 'CONTENT', 'OPEN_RAW_BLOCK', 'OPEN_BLOCK', 'OPEN_INVERSE', 'OPEN_INVERSE_CHAIN', 'INVERSE', 'OPEN_ENDBLOCK', 'OPEN', 'OPEN_UNESCAPED', 'OPEN_PARTIAL', 'OPEN_PARTIAL_BLOCK', got 'EOF'
2024-02-10T23:11:58.935Z thumbsup:error     at Parser.parseError (C:\Users\Jahuf\AppData\Roaming\npm\node_modules\thumbsup\node_modules\handlebars\dist\cjs\handlebars\compiler\parser.js:267:19)
2024-02-10T23:11:58.935Z thumbsup:error     at Parser.parse (C:\Users\Jahuf\AppData\Roaming\npm\node_modules\thumbsup\node_modules\handlebars\dist\cjs\handlebars\compiler\parser.js:336:30)
2024-02-10T23:11:58.935Z thumbsup:error     at parseWithoutProcessing (C:\Users\Jahuf\AppData\Roaming\npm\node_modules\thumbsup\node_modules\handlebars\dist\cjs\handlebars\compiler\base.js:46:33)
2024-02-10T23:11:58.935Z thumbsup:error     at HandlebarsEnvironment.parse (C:\Users\Jahuf\AppData\Roaming\npm\node_modules\thumbsup\node_modules\handlebars\dist\cjs\handlebars\compiler\base.js:52:13)
2024-02-10T23:11:58.935Z thumbsup:error     at compileInput (C:\Users\Jahuf\AppData\Roaming\npm\node_modules\thumbsup\node_modules\handlebars\dist\cjs\handlebars\compiler\compiler.js:508:19)
2024-02-10T23:11:58.935Z thumbsup:error     at Theme.ret [as template] (C:\Users\Jahuf\AppData\Roaming\npm\node_modules\thumbsup\node_modules\handlebars\dist\cjs\handlebars\compiler\compiler.js:517:18)
2024-02-10T23:11:58.935Z thumbsup:error     at Theme.render (C:\Users\Jahuf\AppData\Roaming\npm\node_modules\thumbsup\src\website\theme.js:64:27)
2024-02-10T23:11:58.935Z thumbsup:error     at C:\Users\Jahuf\AppData\Roaming\npm\node_modules\thumbsup\src\website\website.js:30:26
2024-02-10T23:11:58.935Z thumbsup:error     at C:\Users\Jahuf\AppData\Roaming\npm\node_modules\thumbsup\node_modules\async\dist\async.js:3676:28
2024-02-10T23:11:58.935Z thumbsup:error     at replenish (C:\Users\Jahuf\AppData\Roaming\npm\node_modules\thumbsup\node_modules\async\dist\async.js:448:21)
2024-02-10T23:12:40.730Z thumbsup:warn magick (https://imagemagick.org) is not installed. You will not be able to process HEIC images.
2024-02-10T23:12:40.730Z thumbsup:warn ffmpeg (https://www.ffmpeg.org) is not installed. You will not be able to process videos.
2024-02-10T23:12:40.730Z thumbsup:warn gifsicle (http://www.lcdf.org/gifsicle) is not installed. You will not be able to process animated GIFs.
2024-02-10T23:12:40.730Z thumbsup:warn zip (https://linux.die.net/man/1/zip) is not installed. You will not be able to create ZIP files.
2024-02-10T23:13:07.546Z thumbsup:warn magick (https://imagemagick.org) is not installed. You will not be able to process HEIC images.
2024-02-10T23:13:07.547Z thumbsup:warn ffmpeg (https://www.ffmpeg.org) is not installed. You will not be able to process videos.
2024-02-10T23:13:07.547Z thumbsup:warn gifsicle (http://www.lcdf.org/gifsicle) is not installed. You will not be able to process animated GIFs.
2024-02-10T23:13:07.547Z thumbsup:warn zip (https://linux.die.net/man/1/zip) is not installed. You will not be able to create ZIP files.
2024-02-10T23:14:00.484Z thumbsup:warn magick (https://imagemagick.org) is not installed. You will not be able to process HEIC images.
2024-02-10T23:14:00.485Z thumbsup:warn ffmpeg (https://www.ffmpeg.org) is not installed. You will not be able to process videos.
2024-02-10T23:14:00.485Z thumbsup:warn gifsicle (http://www.lcdf.org/gifsicle) is not installed. You will not be able to process animated GIFs.
2024-02-10T23:14:00.485Z thumbsup:warn zip (https://linux.die.net/man/1/zip) is not installed. You will not be able to create ZIP files.
2024-02-10T23:14:00.595Z thumbsup:error Error: Parse error on line 14:
2024-02-10T23:14:00.595Z thumbsup:error ...each}}{{#endwith}}
2024-02-10T23:14:00.595Z thumbsup:error ---------------------^
2024-02-10T23:14:00.595Z thumbsup:error Expecting 'COMMENT', 'CONTENT', 'OPEN_RAW_BLOCK', 'OPEN_BLOCK', 'OPEN_INVERSE', 'OPEN_INVERSE_CHAIN', 'INVERSE', 'OPEN_ENDBLOCK', 'OPEN', 'OPEN_UNESCAPED', 'OPEN_PARTIAL', 'OPEN_PARTIAL_BLOCK', got 'EOF'
2024-02-10T23:14:00.595Z thumbsup:error     at Parser.parseError (C:\Users\Jahuf\AppData\Roaming\npm\node_modules\thumbsup\node_modules\handlebars\dist\cjs\handlebars\compiler\parser.js:267:19)
2024-02-10T23:14:00.595Z thumbsup:error     at Parser.parse (C:\Users\Jahuf\AppData\Roaming\npm\node_modules\thumbsup\node_modules\handlebars\dist\cjs\handlebars\compiler\parser.js:336:30)
2024-02-10T23:14:00.595Z thumbsup:error     at parseWithoutProcessing (C:\Users\Jahuf\AppData\Roaming\npm\node_modules\thumbsup\node_modules\handlebars\dist\cjs\handlebars\compiler\base.js:46:33)
2024-02-10T23:14:00.595Z thumbsup:error     at HandlebarsEnvironment.parse (C:\Users\Jahuf\AppData\Roaming\npm\node_modules\thumbsup\node_modules\handlebars\dist\cjs\handlebars\compiler\base.js:52:13)
2024-02-10T23:14:00.595Z thumbsup:error     at compileInput (C:\Users\Jahuf\AppData\Roaming\npm\node_modules\thumbsup\node_modules\handlebars\dist\cjs\handlebars\compiler\compiler.js:508:19)
2024-02-10T23:14:00.595Z thumbsup:error     at Theme.ret [as template] (C:\Users\Jahuf\AppData\Roaming\npm\node_modules\thumbsup\node_modules\handlebars\dist\cjs\handlebars\compiler\compiler.js:517:18)
2024-02-10T23:14:00.595Z thumbsup:error     at Theme.render (C:\Users\Jahuf\AppData\Roaming\npm\node_modules\thumbsup\src\website\theme.js:64:27)
2024-02-10T23:14:00.595Z thumbsup:error     at C:\Users\Jahuf\AppData\Roaming\npm\node_modules\thumbsup\src\website\website.js:30:26
2024-02-10T23:14:00.595Z thumbsup:error     at C:\Users\Jahuf\AppData\Roaming\npm\node_modules\thumbsup\node_modules\async\dist\async.js:3676:28
2024-02-10T23:14:00.595Z thumbsup:error     at replenish (C:\Users\Jahuf\AppData\Roaming\npm\node_modules\thumbsup\node_modules\async\dist\async.js:448:21)
2024-02-10T23:14:07.650Z thumbsup:warn magick (https://imagemagick.org) is not installed. You will not be able to process HEIC images.
2024-02-10T23:14:07.651Z thumbsup:warn ffmpeg (https://www.ffmpeg.org) is not installed. You will not be able to process videos.
2024-02-10T23:14:07.651Z thumbsup:warn gifsicle (http://www.lcdf.org/gifsicle) is not installed. You will not be able to process animated GIFs.
2024-02-10T23:14:07.651Z thumbsup:warn zip (https://linux.die.net/man/1/zip) is not installed. You will not be able to create ZIP files.
2024-02-11T04:28:24.575Z thumbsup:warn magick (https://imagemagick.org) is not installed. You will not be able to process HEIC images.
2024-02-11T04:28:24.576Z thumbsup:warn ffmpeg (https://www.ffmpeg.org) is not installed. You will not be able to process videos.
2024-02-11T04:28:24.576Z thumbsup:warn gifsicle (http://www.lcdf.org/gifsicle) is not installed. You will not be able to process animated GIFs.
2024-02-11T04:28:24.576Z thumbsup:warn zip (https://linux.die.net/man/1/zip) is not installed. You will not be able to create ZIP files.
